<?xml version="1.0" encoding="UTF-8"?>
<testsuite xmlns:xsi="http://www.w3.org/2001/XMLSchema-instance" xsi:noNamespaceSchemaLocation="https://maven.apache.org/surefire/maven-surefire-plugin/xsd/surefire-test-report-3.0.xsd" version="3.0" name="google.demo.GoogleOnWebApplicationTests" time="9.208" tests="1" errors="0" skipped="0" failures="0">
  <properties>
[...]
</properties>
  <testcase name="contextLoads" classname="google.demo.GoogleOnWebApplicationTests" time="1.732">
    <system-out><![CDATA[19:27:29.981 [main] INFO org.springframework.test.context.support.AnnotationConfigContextLoaderUtils -- Could not detect default configuration classes for test class [google.demo.GoogleOnWebApplicationTests]: GoogleOnWebApplicationTests does not declare any static, non-private, non-final, nested classes annotated with @Configuration.
19:27:30.162 [main] INFO org.springframework.boot.test.context.SpringBootTestContextBootstrapper -- Found @SpringBootConfiguration google.demo.GoogleOnWebApplication for test class google.demo.GoogleOnWebApplicationTests
19:27:30.692 [main] INFO org.springframework.boot.devtools.restart.RestartApplicationListener -- Restart disabled due to context in which it is running

  .   ____          _            __ _ _
 /\\ / ___'_ __ _ _(_)_ __  __ _ \ \ \ \
( ( )\___ | '_ | '_| | '_ \/ _` | \ \ \ \
 \\/  ___)| |_)| | | | | || (_| |  ) ) ) )
  '  |____| .__|_| |_|_| |_\__, | / / / /
 =========|_|==============|___/=/_/_/_/

 :: Spring Boot ::                (v3.3.5)

2024-12-19T19:27:31.608+08:00  INFO 732 --- [google on web] [           main] g.demo.GoogleOnWebApplicationTests       : Starting GoogleOnWebApplicationTests using Java 17.0.8.1 with PID 732 (started by Tiffany in C:\eclipse-workspace\資結\answer\web\demo)
2024-12-19T19:27:31.613+08:00  INFO 732 --- [google on web] [           main] g.demo.GoogleOnWebApplicationTests       : No active profile set, falling back to 1 default profile: "default"
2024-12-19T19:27:36.004+08:00  INFO 732 --- [google on web] [           main] o.s.b.a.w.s.WelcomePageHandlerMapping    : Adding welcome page: class path resource [static/index.html]
2024-12-19T19:27:36.727+08:00  WARN 732 --- [google on web] [           main] ion$DefaultTemplateResolverConfiguration : Cannot find template location: classpath:/templates/ (please add some templates, check your Thymeleaf configuration, or set spring.thymeleaf.check-template-location=false)
2024-12-19T19:27:36.901+08:00  INFO 732 --- [google on web] [           main] g.demo.GoogleOnWebApplicationTests       : Started GoogleOnWebApplicationTests in 6.248 seconds (process running for 8.701)
]]></system-out>
  </testcase>
</testsuite>